Flow report for lab1
Fri Oct 08 20:25:35 2021
Quartus Prime Version 20.1.1 Build 720 11/11/2020 SJ Standard Edition


---------------------
; Table of Contents ;
---------------------
  1. Legal Notice
  2. Flow Summary
  3. Flow Settings
  4. Flow Non-Default Global Settings
  5. Flow Elapsed Time
  6. Flow OS Summary
  7. Flow Log
  8. Flow Messages
  9. Flow Suppressed Messages



----------------
; Legal Notice ;
----------------
Copyright (C) 2020  Intel Corporation. All rights reserved.
Your use of Intel Corporation's design tools, logic functions 
and other software and tools, and any partner logic 
functions, and any output files from any of the foregoing 
(including device programming or simulation files), and any 
associated documentation or information are expressly subject 
to the terms and conditions of the Intel Program License 
Subscription Agreement, the Intel Quartus Prime License Agreement,
the Intel FPGA IP License Agreement, or other applicable license
agreement, including, without limitation, that your use is for
the sole purpose of programming logic devices manufactured by
Intel and sold by Intel or its authorized distributors.  Please
refer to the applicable agreement for further details, at
https://fpgasoftware.intel.com/eula.



+-------------------------------------------------------------------------------+
; Flow Summary                                                                  ;
+-----------------------------+-------------------------------------------------+
; Flow Status                 ; Successful - Fri Oct 08 20:25:34 2021           ;
; Quartus Prime Version       ; 20.1.1 Build 720 11/11/2020 SJ Standard Edition ;
; Revision Name               ; lab1                                            ;
; Top-level Entity Name       ; lab1                                            ;
; Family                      ; Arria 10                                        ;
; Device                      ; 10AX115N2F45I1SG                                ;
; Timing Models               ; Final                                           ;
; Logic utilization (in ALMs) ; 48 / 427,200 ( < 1 % )                          ;
; Total registers             ; 34                                              ;
; Total pins                  ; 1 / 992 ( < 1 % )                               ;
; Total virtual pins          ; 53                                              ;
; Total block memory bits     ; 0 / 55,562,240 ( 0 % )                          ;
; Total DSP Blocks            ; 9 / 1,518 ( < 1 % )                             ;
; Total HSSI RX channels      ; 0 / 48 ( 0 % )                                  ;
; Total HSSI TX channels      ; 0 / 48 ( 0 % )                                  ;
; Total PLLs                  ; 0 / 112 ( 0 % )                                 ;
+-----------------------------+-------------------------------------------------+


+-----------------------------------------+
; Flow Settings                           ;
+-------------------+---------------------+
; Option            ; Setting             ;
+-------------------+---------------------+
; Start date & time ; 10/07/2021 18:24:13 ;
; Main task         ; Compilation         ;
; Revision Name     ; lab1                ;
+-------------------+---------------------+


+-------------------------------------------------------------------------------------------------------------------------------------------------+
; Flow Non-Default Global Settings                                                                                                                ;
+--------------------------------------+----------------------------------------+---------------+-------------+-----------------------------------+
; Assignment Name                      ; Value                                  ; Default Value ; Entity Name ; Section Id                        ;
+--------------------------------------+----------------------------------------+---------------+-------------+-----------------------------------+
; COMPILER_SIGNATURE_ID                ; 198112232495693.163364545318136        ; --            ; --          ; --                                ;
; EDA_DESIGN_INSTANCE_NAME             ; dut                                    ; --            ; --          ; lab1_tb.v                         ;
; EDA_ENABLE_GLITCH_FILTERING          ; On                                     ; --            ; --          ; eda_simulation                    ;
; EDA_GENERATE_FUNCTIONAL_NETLIST      ; Off                                    ; --            ; --          ; eda_board_design_timing           ;
; EDA_GENERATE_FUNCTIONAL_NETLIST      ; Off                                    ; --            ; --          ; eda_board_design_boundary_scan    ;
; EDA_GENERATE_FUNCTIONAL_NETLIST      ; Off                                    ; --            ; --          ; eda_board_design_signal_integrity ;
; EDA_GENERATE_FUNCTIONAL_NETLIST      ; Off                                    ; --            ; --          ; eda_board_design_symbol           ;
; EDA_MAP_ILLEGAL_CHARACTERS           ; On                                     ; --            ; --          ; eda_simulation                    ;
; EDA_NATIVELINK_SIMULATION_TEST_BENCH ; lab1_tb.v                              ; --            ; --          ; eda_simulation                    ;
; EDA_OUTPUT_DATA_FORMAT               ; Verilog Hdl                            ; --            ; --          ; eda_simulation                    ;
; EDA_SIMULATION_TOOL                  ; ModelSim-Altera (Verilog)              ; <None>        ; --          ; --                                ;
; EDA_TEST_BENCH_DESIGN_INSTANCE_NAME  ; dut                                    ; --            ; --          ; eda_simulation                    ;
; EDA_TEST_BENCH_ENABLE_STATUS         ; TEST_BENCH_MODE                        ; --            ; --          ; eda_simulation                    ;
; EDA_TEST_BENCH_FILE                  ; lab1_tb.v                              ; --            ; --          ; lab1_tb.v                         ;
; EDA_TEST_BENCH_MODULE_NAME           ; lab1_tb                                ; --            ; --          ; lab1_tb.v                         ;
; EDA_TEST_BENCH_NAME                  ; lab1_tb.v                              ; --            ; --          ; eda_simulation                    ;
; EDA_TIME_SCALE                       ; 1 ps                                   ; --            ; --          ; eda_simulation                    ;
; EDA_WRITE_NODES_FOR_POWER_ESTIMATION ; ALL_NODES                              ; --            ; --          ; eda_simulation                    ;
; MAX_CORE_JUNCTION_TEMP               ; 100                                    ; --            ; --          ; --                                ;
; MIN_CORE_JUNCTION_TEMP               ; 0                                      ; --            ; --          ; --                                ;
; NUM_PARALLEL_PROCESSORS              ; 2                                      ; --            ; --          ; --                                ;
; PARTITION_COLOR                      ; -- (Not supported for targeted family) ; --            ; --          ; Top                               ;
; PARTITION_FITTER_PRESERVATION_LEVEL  ; -- (Not supported for targeted family) ; --            ; --          ; Top                               ;
; PARTITION_NETLIST_TYPE               ; -- (Not supported for targeted family) ; --            ; --          ; Top                               ;
; POWER_BOARD_THERMAL_MODEL            ; None (CONSERVATIVE)                    ; --            ; --          ; --                                ;
; POWER_DEFAULT_INPUT_IO_TOGGLE_RATE   ; 75000000 TRANSITIONS/S                 ; 12.5%         ; --          ; --                                ;
; POWER_INPUT_FILE_NAME                ; simulation/modelsim/lab1.vcd           ; --            ; --          ; lab1.vcd                          ;
; POWER_PRESET_COOLING_SOLUTION        ; 23 MM HEAT SINK WITH 200 LFPM AIRFLOW  ; --            ; --          ; --                                ;
; POWER_USE_INPUT_FILES                ; On                                     ; Off           ; --          ; --                                ;
; PROJECT_OUTPUT_DIRECTORY             ; output_files                           ; --            ; --          ; --                                ;
+--------------------------------------+----------------------------------------+---------------+-------------+-----------------------------------+


+--------------------------------------------------------------------------------------------------------------------------+
; Flow Elapsed Time                                                                                                        ;
+----------------------+--------------+-------------------------+---------------------+------------------------------------+
; Module Name          ; Elapsed Time ; Average Processors Used ; Peak Virtual Memory ; Total CPU Time (on all processors) ;
+----------------------+--------------+-------------------------+---------------------+------------------------------------+
; Analysis & Synthesis ; 00:00:18     ; 1.0                     ; 4789 MB             ; 00:00:16                           ;
; Fitter               ; 00:03:33     ; 1.2                     ; 11920 MB            ; 00:04:37                           ;
; Assembler            ; 00:01:08     ; 1.0                     ; 10829 MB            ; 00:00:54                           ;
; Timing Analyzer      ; 00:00:22     ; 1.0                     ; 6960 MB             ; 00:00:14                           ;
; EDA Netlist Writer   ; 00:00:11     ; 1.0                     ; 4756 MB             ; 00:00:01                           ;
; EDA Netlist Writer   ; 00:00:11     ; 1.0                     ; 4759 MB             ; 00:00:01                           ;
; EDA Netlist Writer   ; 00:00:11     ; 1.0                     ; 4760 MB             ; 00:00:01                           ;
; Power Analyzer       ; 00:00:20     ; 1.0                     ; 6830 MB             ; 00:00:11                           ;
; Power Analyzer       ; 00:00:19     ; 1.0                     ; 6827 MB             ; 00:00:11                           ;
; Total                ; 00:06:33     ; --                      ; --                  ; 00:06:26                           ;
+----------------------+--------------+-------------------------+---------------------+------------------------------------+


+------------------------------------------------------------------------------------+
; Flow OS Summary                                                                    ;
+----------------------+------------------+------------+------------+----------------+
; Module Name          ; Machine Hostname ; OS Name    ; OS Version ; Processor type ;
+----------------------+------------------+------------+------------+----------------+
; Analysis & Synthesis ; DESKTOP-G052NLR  ; Windows 10 ; 10.0       ; x86_64         ;
; Fitter               ; DESKTOP-G052NLR  ; Windows 10 ; 10.0       ; x86_64         ;
; Assembler            ; DESKTOP-G052NLR  ; Windows 10 ; 10.0       ; x86_64         ;
; Timing Analyzer      ; DESKTOP-G052NLR  ; Windows 10 ; 10.0       ; x86_64         ;
; EDA Netlist Writer   ; DESKTOP-G052NLR  ; Windows 10 ; 10.0       ; x86_64         ;
; EDA Netlist Writer   ; DESKTOP-G052NLR  ; Windows 10 ; 10.0       ; x86_64         ;
; EDA Netlist Writer   ; DESKTOP-G052NLR  ; Windows 10 ; 10.0       ; x86_64         ;
; Power Analyzer       ; DESKTOP-G052NLR  ; Windows 10 ; 10.0       ; x86_64         ;
; Power Analyzer       ; DESKTOP-G052NLR  ; Windows 10 ; 10.0       ; x86_64         ;
+----------------------+------------------+------------+------------+----------------+


------------
; Flow Log ;
------------
quartus_map --read_settings_files=on --write_settings_files=off lab1 -c lab1
quartus_fit --read_settings_files=off --write_settings_files=off lab1 -c lab1
quartus_asm --read_settings_files=off --write_settings_files=off lab1 -c lab1
quartus_sta lab1 -c lab1
quartus_eda --read_settings_files=off --write_settings_files=off lab1 -c lab1
quartus_eda --read_settings_files=on --write_settings_files=off lab1 -c lab1
quartus_eda --read_settings_files=on --write_settings_files=off lab1 -c lab1
quartus_pow --read_settings_files=on --write_settings_files=off lab1 -c lab1
quartus_pow --read_settings_files=on --write_settings_files=off lab1 -c lab1



