Archive Project report for lab1_pipe
Fri Oct 08 17:27:30 2021
Quartus Prime Version 20.1.1 Build 720 11/11/2020 SJ Standard Edition


---------------------
; Table of Contents ;
---------------------
  1. Legal Notice
  2. Archive Project Summary
  3. Archive Project Messages
  4. Files Archived



----------------
; Legal Notice ;
----------------
Copyright (C) 2020  Intel Corporation. All rights reserved.
Your use of Intel Corporation's design tools, logic functions 
and other software and tools, and any partner logic 
functions, and any output files from any of the foregoing 
(including device programming or simulation files), and any 
associated documentation or information are expressly subject 
to the terms and conditions of the Intel Program License 
Subscription Agreement, the Intel Quartus Prime License Agreement,
the Intel FPGA IP License Agreement, or other applicable license
agreement, including, without limitation, that your use is for
the sole purpose of programming logic devices manufactured by
Intel and sold by Intel or its authorized distributors.  Please
refer to the applicable agreement for further details, at
https://fpgasoftware.intel.com/eula.



+----------------------------------------------------------------+
; Archive Project Summary                                        ;
+------------------------+---------------------------------------+
; Archive Project Status ; Successful - Fri Oct 08 17:27:30 2021 ;
; Revision Name          ; lab1_pipe                             ;
; Top-level Entity Name  ; lab1_pipe                             ;
; Family                 ; Arria 10                              ;
+------------------------+---------------------------------------+


+--------------------------+
; Archive Project Messages ;
+--------------------------+
Info: File Set 'Source control' contains:
    Info: Project source and settings files
    Info: Automatically detected source files
Warning: Hierarchical Platform Designer systems and custom IP components(_hw.tcl and associated files) are not archived by the Quartus Archiver
Info: Archive will store files relative to the closest common parent directory
Info (13213): Using common directory C:/Users/ZaKaye/Desktop/Pixiv/MEng Study 2021 Fall/FPGA/lab1/
Info: ----------------------------------------------------------
Info: ----------------------------------------------------------
Info: Generated archive 'C:/Users/ZaKaye/Desktop/Pixiv/MEng Study 2021 Fall/FPGA/lab1/lab1_pipe/lab1_pipe.qar'
Info: ----------------------------------------------------------
Info: ----------------------------------------------------------
Info: Generated report 'lab1_pipe.archive.rpt'
Info (23030): Evaluation of Tcl script c:/intelfpga/20.1/quartus/common/tcl/apps/qpm/qar.tcl was successful
Info: Quartus Prime Shell was successful. 0 errors, 1 warning
    Info: Peak virtual memory: 4858 megabytes
    Info: Processing ended: Fri Oct 08 17:27:30 2021
    Info: Elapsed time: 00:00:11
    Info: Total CPU time (on all processors): 00:00:01


+------------------------------------------------------------------------------------------+
; Files Archived                                                                           ;
+------------------------------------------------------------------------------------------+
; File Name                                                                                ;
+------------------------------------------------------------------------------------------+
; c:/intelfpga/20.1/quartus/bin64/assignment_defaults.qdf                                  ;
; C:/Users/ZaKaye/Desktop/Pixiv/MEng Study 2021 Fall/FPGA/lab1/lab1_dump_all_vcd_nodes.tcl ;
; C:/Users/ZaKaye/Desktop/Pixiv/MEng Study 2021 Fall/FPGA/lab1/SDC1.sdc                    ;
; lab1_pipe.qpf                                                                            ;
; lab1_pipe.qsf                                                                            ;
; lab1_pipe.sv                                                                             ;
; lab1_pipe.vcd                                                                            ;
; lab1_pipe_dump_all_vcd_nodes.tcl                                                         ;
; lab1_pipe_tb.v                                                                           ;
; SDC1.sdc                                                                                 ;
+------------------------------------------------------------------------------------------+


