Assembler report for lab2
Thu Oct 28 19:21:00 2021
Quartus Prime Version 20.1.1 Build 720 11/11/2020 SJ Standard Edition


---------------------
; Table of Contents ;
---------------------
  1. Legal Notice
  2. Assembler Summary
  3. Assembler Settings
  4. Assembler Generated Files
  5. Assembler Device Options: C:/Users/ZaKaye/Desktop/Pixiv/MEng_Study_2021_Fall/FPGA/lab2/lab2-fpga-1/dse/dse1/dse1_14/output_files/lab2.sof
  6. Assembler Messages



----------------
; Legal Notice ;
----------------
Copyright (C) 2020  Intel Corporation. All rights reserved.
Your use of Intel Corporation's design tools, logic functions 
and other software and tools, and any partner logic 
functions, and any output files from any of the foregoing 
(including device programming or simulation files), and any 
associated documentation or information are expressly subject 
to the terms and conditions of the Intel Program License 
Subscription Agreement, the Intel Quartus Prime License Agreement,
the Intel FPGA IP License Agreement, or other applicable license
agreement, including, without limitation, that your use is for
the sole purpose of programming logic devices manufactured by
Intel and sold by Intel or its authorized distributors.  Please
refer to the applicable agreement for further details, at
https://fpgasoftware.intel.com/eula.



+---------------------------------------------------------------+
; Assembler Summary                                             ;
+-----------------------+---------------------------------------+
; Assembler Status      ; Successful - Thu Oct 28 19:21:00 2021 ;
; Revision Name         ; lab2                                  ;
; Top-level Entity Name ; lab2                                  ;
; Family                ; Arria 10                              ;
; Device                ; 10AX115N1F45I1SG                      ;
+-----------------------+---------------------------------------+


+----------------------------------+
; Assembler Settings               ;
+--------+---------+---------------+
; Option ; Setting ; Default Value ;
+--------+---------+---------------+


+-----------------------------------------------------------------------------------------------------------------+
; Assembler Generated Files                                                                                       ;
+-----------------------------------------------------------------------------------------------------------------+
; File Name                                                                                                       ;
+-----------------------------------------------------------------------------------------------------------------+
; C:/Users/ZaKaye/Desktop/Pixiv/MEng_Study_2021_Fall/FPGA/lab2/lab2-fpga-1/dse/dse1/dse1_14/output_files/lab2.sof ;
+-----------------------------------------------------------------------------------------------------------------+


+-------------------------------------------------------------------------------------------------------------------------------------------+
; Assembler Device Options: C:/Users/ZaKaye/Desktop/Pixiv/MEng_Study_2021_Fall/FPGA/lab2/lab2-fpga-1/dse/dse1/dse1_14/output_files/lab2.sof ;
+----------------+--------------------------------------------------------------------------------------------------------------------------+
; Option         ; Setting                                                                                                                  ;
+----------------+--------------------------------------------------------------------------------------------------------------------------+
; JTAG usercode  ; 0xFFFFFFFF                                                                                                               ;
; Checksum       ; 0x307E7159                                                                                                               ;
+----------------+--------------------------------------------------------------------------------------------------------------------------+


+--------------------+
; Assembler Messages ;
+--------------------+
Info: *******************************************************************
Info: Running Quartus Prime Assembler
    Info: Version 20.1.1 Build 720 11/11/2020 SJ Standard Edition
    Info: Processing started: Thu Oct 28 19:19:51 2021
Info: Command: quartus_asm --read_settings_files=off --write_settings_files=off lab2 -c lab2
Info: Quartus Prime Assembler was successful. 0 errors, 0 warnings
    Info: Peak virtual memory: 10838 megabytes
    Info: Processing ended: Thu Oct 28 19:21:02 2021
    Info: Elapsed time: 00:01:11
    Info: Total CPU time (on all processors): 00:00:57


